Determining if the include file pthread.h exists failed with the following output:
Change Dir: /Users/zhancongcong/Desktop/code/sylar/CMakeFiles/CMakeTmp

Run Build Command(s):/usr/bin/make -f Makefile cmTC_9c49f/fast && /Library/Developer/CommandLineTools/usr/bin/make  -f CMakeFiles/cmTC_9c49f.dir/build.make CMakeFiles/cmTC_9c49f.dir/build
Building C object CMakeFiles/cmTC_9c49f.dir/CheckIncludeFile.c.o
/Library/Developer/CommandLineTools/usr/bin/cc   -rdynamic -O3 -fPIC -ggdb -std=c11 -Wall -Wno-deprecated -Werror -Wno-unused-function -Wno-builtin-macro-redefined -Wno-deprecated-declarations  -isysroot /Library/Developer/CommandLineTools/SDKs/MacOSX11.1.sdk -mmacosx-version-min=10.15 -MD -MT CMakeFiles/cmTC_9c49f.dir/CheckIncludeFile.c.o -MF CMakeFiles/cmTC_9c49f.dir/CheckIncludeFile.c.o.d -o CMakeFiles/cmTC_9c49f.dir/CheckIncludeFile.c.o -c /Users/zhancongcong/Desktop/code/sylar/CMakeFiles/CMakeTmp/CheckIncludeFile.c
clang: error: argument unused during compilation: '-rdynamic' [-Werror,-Wunused-command-line-argument]
make[1]: *** [CMakeFiles/cmTC_9c49f.dir/CheckIncludeFile.c.o] Error 1
make: *** [cmTC_9c49f/fast] Error 2



